\BOOKMARK [-1][]{ctitle.-1}{\376\377\145\260\127\213\117\040\217\223\123\117\213\256\000Q\000U\000I\000C\166\204\213\304\117\060\116\016\136\224\165\050}{}% 1
\BOOKMARK [0][]{thuchapter.1.0}{\376\377\116\055\145\207\144\130\211\201}{ctitle.-1}% 2
\BOOKMARK [0][]{thuchapter.2.0}{\376\377\000A\000B\000S\000T\000R\000A\000C\000T}{ctitle.-1}% 3
\BOOKMARK [0][]{thuchapter.3.0}{\376\377\166\356\000\040\137\125}{ctitle.-1}% 4
\BOOKMARK [0][]{thuchapter.4.0}{\376\377\116\073\211\201\173\046\123\367\133\371\161\147\210\150}{ctitle.-1}% 5
\BOOKMARK [0][]{chapter.1}{\376\377\173\054\0001\172\340\000\040\000\040\137\025\212\000}{ctitle.-1}% 6
\BOOKMARK [1][-]{section.1.1}{\376\377\0001\000.\0001\000\040\170\024\172\166\200\314\146\157}{chapter.1}% 7
\BOOKMARK [1][-]{section.1.2}{\376\377\0001\000.\0002\000\040\166\370\121\163\135\345\117\134\116\313\176\315}{chapter.1}% 8
\BOOKMARK [1][-]{section.1.3}{\376\377\0001\000.\0003\000\040\213\376\230\230\116\313\176\315\123\312\116\073\211\201\215\041\163\056}{chapter.1}% 9
\BOOKMARK [1][-]{section.1.4}{\376\377\0001\000.\0004\000\040\145\207\172\340\176\323\147\204}{chapter.1}% 10
\BOOKMARK [0][]{chapter.2}{\376\377\173\054\0002\172\340\000\040\000\040\000Q\000U\000I\000C\123\117\213\256\166\204\123\237\164\006\122\006\147\220}{ctitle.-1}% 11
\BOOKMARK [1][-]{section.2.1}{\376\377\0002\000.\0001\000\040\000Q\000U\000I\000C\123\237\164\006\173\200\116\313}{chapter.2}% 12
\BOOKMARK [2][-]{subsection.2.1.1}{\376\377\0002\000.\0001\000.\0001\000\040\217\336\143\245\136\372\172\313}{section.2.1}% 13
\BOOKMARK [2][-]{subsection.2.1.2}{\376\377\0002\000.\0001\000.\0002\000\040\117\040\217\223\150\074\137\017}{section.2.1}% 14
\BOOKMARK [2][-]{subsection.2.1.3}{\376\377\0002\000.\0001\000.\0003\000\040\116\042\123\005\131\004\164\006}{section.2.1}% 15
\BOOKMARK [2][-]{subsection.2.1.4}{\376\377\0002\000.\0001\000.\0004\000\040\142\345\130\136\143\247\122\066}{section.2.1}% 16
\BOOKMARK [2][-]{subsection.2.1.5}{\376\377\0002\000.\0001\000.\0005\000\040\155\101\143\247\173\227\154\325}{section.2.1}% 17
\BOOKMARK [2][-]{subsection.2.1.6}{\376\377\0002\000.\0001\000.\0006\000\040\121\166\116\326\162\171\140\047}{section.2.1}% 18
\BOOKMARK [1][-]{section.2.2}{\376\377\0002\000.\0002\000\040\000Q\000U\000I\000C\166\370\121\163\123\237\213\355\123\312\143\245\123\343\145\164\164\006}{chapter.2}% 19
\BOOKMARK [2][-]{subsection.2.2.1}{\376\377\0002\000.\0002\000.\0001\000\040\000Q\000u\000i\000c\000\137\000s\000e\000r\000v\000e\000r}{section.2.2}% 20
\BOOKMARK [2][-]{subsection.2.2.2}{\376\377\0002\000.\0002\000.\0002\000\040\000Q\000u\000i\000c\000\137\000c\000l\000i\000e\000n\000t}{section.2.2}% 21
\BOOKMARK [1][-]{section.2.3}{\376\377\0002\000.\0003\000\040\147\054\172\340\134\017\176\323}{chapter.2}% 22
\BOOKMARK [0][]{chapter.3}{\376\377\173\054\0003\172\340\000\040\000\040\000Q\000U\000I\000C\123\117\213\256\213\304\117\060}{ctitle.-1}% 23
\BOOKMARK [1][-]{section.3.1}{\376\377\0003\000.\0001\000\040\116\377\167\037\145\271\150\110\213\276\213\241}{chapter.3}% 24
\BOOKMARK [2][-]{subsection.3.1.1}{\376\377\0003\000.\0001\000.\0001\000\040\177\121\176\334\123\302\145\160\213\276\177\156}{section.3.1}% 25
\BOOKMARK [2][-]{subsection.3.1.2}{\376\377\0003\000.\0001\000.\0002\000\040\177\121\176\334\142\323\142\121}{section.3.1}% 26
\BOOKMARK [2][-]{subsection.3.1.3}{\376\377\0003\000.\0001\000.\0003\000\040\155\101\221\317\152\041\137\017}{section.3.1}% 27
\BOOKMARK [1][-]{section.3.2}{\376\377\0003\000.\0002\000\040\116\377\167\037\163\257\130\203}{chapter.3}% 28
\BOOKMARK [2][-]{subsection.3.2.1}{\376\377\0003\000.\0002\000.\0001\000\040\137\000\123\321\163\257\130\203}{section.3.2}% 29
\BOOKMARK [2][-]{subsection.3.2.2}{\376\377\0003\000.\0002\000.\0002\000\040\116\377\167\037\135\345\121\167\000M\000i\000n\000i\000n\000e\000t}{section.3.2}% 30
\BOOKMARK [2][-]{subsection.3.2.3}{\376\377\0003\000.\0002\000.\0003\000\040\147\015\122\241\172\357\060\001\133\242\142\067\172\357\060\001\116\377\167\037\172\013\136\217\116\343\170\001\220\073\217\221}{section.3.2}% 31
\BOOKMARK [1][-]{section.3.3}{\376\377\0003\000.\0003\000\040\116\377\167\037\176\323\147\234}{chapter.3}% 32
\BOOKMARK [2][-]{subsection.3.3.1}{\376\377\0003\000.\0003\000.\0001\000\040\116\377\167\037\176\323\147\234\210\150\150\074}{section.3.3}% 33
\BOOKMARK [2][-]{subsection.3.3.2}{\376\377\0003\000.\0003\000.\0002\000\040\116\042\123\005\163\207\166\204\137\161\124\315}{section.3.3}% 34
\BOOKMARK [2][-]{subsection.3.3.3}{\376\377\0003\000.\0003\000.\0003\000\040\224\376\215\357\136\046\133\275\166\204\137\161\124\315}{section.3.3}% 35
\BOOKMARK [2][-]{subsection.3.3.4}{\376\377\0003\000.\0003\000.\0004\000\040\164\366\230\210\165\065\215\357\166\204\137\161\124\315}{section.3.3}% 36
\BOOKMARK [2][-]{subsection.3.3.5}{\376\377\0003\000.\0003\000.\0005\000\040\116\015\124\014\155\101\221\317\152\041\137\017\166\204\176\323\147\234}{section.3.3}% 37
\BOOKMARK [1][-]{section.3.4}{\376\377\0003\000.\0004\000\040\133\236\226\105\177\121\176\334\163\257\130\203\155\113\213\325\145\271\150\110}{chapter.3}% 38
\BOOKMARK [2][-]{subsection.3.4.1}{\376\377\0003\000.\0004\000.\0001\000\040\217\331\127\127\166\204\133\236\232\214\377\032\166\370\217\321\177\121\176\334\163\257\130\203\116\013\116\015\124\014\147\072\126\150\116\113\225\364\117\040\217\223\226\217\147\072\133\127\173\046\116\062\142\100\227\000\211\201\166\204\145\366\225\364}{section.3.4}% 39
\BOOKMARK [1][-]{section.3.5}{\376\377\0003\000.\0005\000\040\133\236\226\105\163\257\130\203\155\113\213\325\176\323\147\234}{chapter.3}% 40
\BOOKMARK [1][-]{section.3.6}{\376\377\0003\000.\0006\000\040\147\054\172\340\134\017\176\323}{chapter.3}% 41
\BOOKMARK [0][]{chapter.4}{\376\377\173\054\0004\172\340\000\040\000\040\147\204\136\372\145\057\143\001\000Q\000U\000I\000C\123\117\213\256\166\204\000w\000e\000b\147\015\122\241\126\150}{ctitle.-1}% 42
\BOOKMARK [1][-]{section.4.1}{\376\377\0004\000.\0001\000\040\176\310\172\357\166\204\000H\000t\000t\000p\117\040\217\223\155\113\213\325}{chapter.4}% 43
\BOOKMARK [1][-]{section.4.2}{\376\377\0004\000.\0002\000\040\147\204\136\372\000w\000e\000b\147\015\122\241\126\150}{chapter.4}% 44
\BOOKMARK [1][-]{section.4.3}{\376\377\0004\000.\0003\000\040\133\242\142\067\172\357\116\013\217\175\116\015\124\014\000w\000e\000b\166\204\155\113\213\325}{chapter.4}% 45
\BOOKMARK [1][-]{section.4.4}{\376\377\0004\000.\0004\000\040\147\054\172\340\134\017\176\323}{chapter.4}% 46
\BOOKMARK [0][]{chapter.5}{\376\377\173\054\0005\172\340\000\040\000\040\140\073\176\323\116\016\134\125\147\033}{ctitle.-1}% 47
\BOOKMARK [1][-]{section.5.1}{\376\377\0005\000.\0001\000\040\000Q\000U\000I\000C\166\204\213\304\117\060\140\073\176\323}{chapter.5}% 48
\BOOKMARK [1][-]{section.5.2}{\376\377\0005\000.\0002\000\040\000Q\000U\000I\000C\166\204\142\345\130\136\143\247\122\066\173\227\154\325\143\242\175\042}{chapter.5}% 49
\BOOKMARK [0][]{section*.14}{\376\377\143\322\126\376\175\042\137\025}{ctitle.-1}% 50
\BOOKMARK [0][]{section*.16}{\376\377\210\150\150\074\175\042\137\025}{ctitle.-1}% 51
\BOOKMARK [0][]{section*.18}{\376\377\121\154\137\017\175\042\137\025}{ctitle.-1}% 52
\BOOKMARK [0][]{section*.20}{\376\377\123\302\200\003\145\207\163\056}{ctitle.-1}% 53
\BOOKMARK [0][]{section*.22}{\376\377\201\364\000\040\214\042}{ctitle.-1}% 54
\BOOKMARK [0][]{section*.24}{\376\377\130\360\000\040\146\016}{ctitle.-1}% 55
\BOOKMARK [0][]{appendix.A}{\376\377\226\104\137\125\000\040\000A\000\040\000\040\131\026\145\207\215\104\145\231\166\204\214\003\170\024\226\005\213\373\142\245\124\112\142\026\116\146\227\142\177\373\213\321}{ctitle.-1}% 56
\BOOKMARK [0][]{section*.26}{\376\377\127\050\133\146\147\037\225\364\123\302\122\240\213\376\230\230\166\204\170\024\172\166\142\020\147\234}{ctitle.-1}% 57
